<?xml version="1.0" encoding="utf-8"?><testsuites name="pytest tests"><testsuite name="pytest" errors="0" failures="0" skipped="0" tests="25" time="25.136" timestamp="2026-04-30T14:45:33.075110+00:00" hostname="agent-env-1f0e19fa-1c0c-417d-a35c-f8bdad7ac987"><testcase classname="backend.tests.backend_test.TestAuth" name="test_login_admin" time="0.544" /><testcase classname="backend.tests.backend_test.TestAuth" name="test_login_bad_creds" time="0.377" /><testcase classname="backend.tests.backend_test.TestAuth" name="test_me_no_auth" time="0.135" /><testcase classname="backend.tests.backend_test.TestAuth" name="test_me_with_auth" time="0.530" /><testcase classname="backend.tests.backend_test.TestEvents" name="test_list_events_seeded" time="0.154" /><testcase classname="backend.tests.backend_test.TestEvents" name="test_viewer_cannot_create_event" time="0.534" /><testcase classname="backend.tests.backend_test.TestEvents" name="test_analyst_create_event_and_list" time="0.635" /><testcase classname="backend.tests.backend_test.TestOSINT" name="test_list_people_seeded_sorted" time="0.119" /><testcase classname="backend.tests.backend_test.TestOSINT" name="test_filter_people_by_q" time="0.168" /><testcase classname="backend.tests.backend_test.TestOSINT" name="test_get_person_with_rels" time="0.367" /><testcase classname="backend.tests.backend_test.TestOSINT" name="test_analyst_create_person" time="0.162" /><testcase classname="backend.tests.backend_test.TestGraph" name="test_graph_nodes_and_links" time="0.133" /><testcase classname="backend.tests.backend_test.TestGraph" name="test_create_link" time="0.259" /><testcase classname="backend.tests.backend_test.TestMissions" name="test_list_missions" time="0.123" /><testcase classname="backend.tests.backend_test.TestMissions" name="test_create_mission" time="0.122" /><testcase classname="backend.tests.backend_test.TestAnalytics" name="test_kpis" time="0.140" /><testcase classname="backend.tests.backend_test.TestSearch" name="test_search_buckets" time="0.167" /><testcase classname="backend.tests.backend_test.TestTracking" name="test_aircraft_live" time="10.145" /><testcase classname="backend.tests.backend_test.TestTracking" name="test_ships_live" time="0.173" /><testcase classname="backend.tests.backend_test.TestFiles" name="test_upload_csv_as_analyst" time="3.251" /><testcase classname="backend.tests.backend_test.TestFiles" name="test_list_files" time="0.130" /><testcase classname="backend.tests.backend_test.TestAI" name="test_insights" time="4.641" /><testcase classname="backend.tests.backend_test.TestAI" name="test_nl_query" time="1.691" /><testcase classname="backend.tests.backend_test.TestAudit" name="test_audit_as_admin" time="0.132" /><testcase classname="backend.tests.backend_test.TestAudit" name="test_audit_as_viewer_forbidden" time="0.118" /></testsuite></testsuites>